<?xml version="1.0" encoding="UTF-8"?>
<!-- Generated by org.testng.reporters.JUnitReportReporter -->
<testsuite hostname="DESKTOP-4M14A0P" failures="0" tests="4" name="apr21.Using_Data" time="17.214" errors="0" timestamp="2023-04-21T12:21:41 IST" skipped="0">
  <testcase classname="apr21.Using_Data" name="verify_Login" time="2.567"/>
  <system-out>
    <![CDATA[Login Fail::dashboard      http://orangehrm.qedgetech.com/symfony/web/index.php/auth/validateCredentials]]>
  </system-out>
  <testcase classname="apr21.Using_Data" name="verify_Login" time="2.790"/>
  <system-out>
    <![CDATA[Login Fail::dashboard      http://orangehrm.qedgetech.com/symfony/web/index.php/auth/validateCredentials]]>
  </system-out>
  <testcase classname="apr21.Using_Data" name="verify_Login" time="8.707"/>
  <system-out>
    <![CDATA[Login Success::dashboard      http://orangehrm.qedgetech.com/symfony/web/index.php/dashboard]]>
  </system-out>
  <testcase classname="apr21.Using_Data" name="verify_Login" time="3.150"/>
  <system-out>
    <![CDATA[Login Success::dashboard      http://orangehrm.qedgetech.com/symfony/web/index.php/dashboard]]>
  </system-out>
</testsuite> <!-- apr21.Using_Data -->
