<?xml version="1.0" encoding="UTF-8"?>
<!-- Generated by org.testng.reporters.JUnitReportReporter -->
<testsuite hostname="DESKTOP-4M14A0P" failures="0" tests="8" name="apr21.BrowserTesting" time="30.113" errors="0" timestamp="2023-04-21T12:41:19 IST" skipped="0">
  <testcase classname="apr21.BrowserTesting" name="verify_Login" time="1.760"/>
  <system-out>
    <![CDATA[Login Fail::dashboard      http://orangehrm.qedgetech.com/symfony/web/index.php/auth/validateCredentials]]>
  </system-out>
  <testcase classname="apr21.BrowserTesting" name="verify_Login" time="2.204"/>
  <system-out>
    <![CDATA[Login Fail::dashboard      http://orangehrm.qedgetech.com/symfony/web/index.php/auth/validateCredentials]]>
  </system-out>
  <testcase classname="apr21.BrowserTesting" name="verify_Login" time="3.068"/>
  <system-out>
    <![CDATA[Login Success::dashboard      http://orangehrm.qedgetech.com/symfony/web/index.php/dashboard]]>
  </system-out>
  <testcase classname="apr21.BrowserTesting" name="verify_Login" time="2.432"/>
  <system-out>
    <![CDATA[Login Fail::dashboard      http://orangehrm.qedgetech.com/symfony/web/index.php/auth/validateCredentials]]>
  </system-out>
  <testcase classname="apr21.BrowserTesting" name="verify_Login" time="8.930"/>
  <system-out>
    <![CDATA[Login Success::dashboard      http://orangehrm.qedgetech.com/symfony/web/index.php/dashboard]]>
  </system-out>
  <testcase classname="apr21.BrowserTesting" name="verify_Login" time="6.364"/>
  <system-out>
    <![CDATA[Login Success::dashboard      http://orangehrm.qedgetech.com/symfony/web/index.php/dashboard]]>
  </system-out>
  <testcase classname="apr21.BrowserTesting" name="verify_Login" time="2.450"/>
  <system-out>
    <![CDATA[Login Success::dashboard      http://orangehrm.qedgetech.com/symfony/web/index.php/dashboard]]>
  </system-out>
  <testcase classname="apr21.BrowserTesting" name="verify_Login" time="2.905"/>
  <system-out>
    <![CDATA[Login Fail::dashboard      http://orangehrm.qedgetech.com/symfony/web/index.php/auth/validateCredentials]]>
  </system-out>
</testsuite> <!-- apr21.BrowserTesting -->
