<?xml version="1.0" encoding="UTF-8"?>
<!-- Generated by org.testng.reporters.JUnitReportReporter -->
<testsuite hostname="DESKTOP-4M14A0P" failures="0" tests="1" name="driverFactory.TestScript" time="52.385" errors="0" timestamp="2023-04-15T12:26:39 IST" skipped="0">
  <testcase classname="driverFactory.TestScript" name="startTest" time="52.385"/>
  <system-out>
    <![CDATA[No of rows are::9
Add Employee Success::19580     19580
Add Employee Success::19581     19581
Add Employee Success::19582     19582
Add Employee Success::19583     19583
Add Employee Success::19584     19584
Add Employee Success::19585     19585
Add Employee Success::19586     19586
Add Employee Success::19587     19587
Add Employee Success::19588     19588]]>
  </system-out>
</testsuite> <!-- driverFactory.TestScript -->
