<?xml version="1.0" encoding="UTF-8"?>
<!-- Generated by org.testng.reporters.JUnitReportReporter -->
<testsuite hostname="DESKTOP-4M14A0P" failures="0" tests="1" name="commonFunctions.DriverScript" time="39.812" errors="0" timestamp="2023-04-10T12:44:29 IST" skipped="0">
  <testcase classname="commonFunctions.DriverScript" name="satrtTest" time="39.812"/>
  <system-out>
    <![CDATA[No of rows are::10
Login Success::dashboard         http://orangehrm.qedgetech.com/symfony/web/index.php/dashboard
Invalid credentials    dashboard         http://orangehrm.qedgetech.com/symfony/web/index.php/auth/validateCredentials
Login Success::dashboard         http://orangehrm.qedgetech.com/symfony/web/index.php/dashboard
Username cannot be empty    dashboard         http://orangehrm.qedgetech.com/symfony/web/index.php/auth/login
Login Success::dashboard         http://orangehrm.qedgetech.com/symfony/web/index.php/dashboard
Invalid credentials    dashboard         http://orangehrm.qedgetech.com/symfony/web/index.php/auth/validateCredentials
Username cannot be empty    dashboard         http://orangehrm.qedgetech.com/symfony/web/index.php/auth/login
Login Success::dashboard         http://orangehrm.qedgetech.com/symfony/web/index.php/dashboard
Password cannot be empty    dashboard         http://orangehrm.qedgetech.com/symfony/web/index.php/auth/login
Login Success::dashboard         http://orangehrm.qedgetech.com/symfony/web/index.php/dashboard]]>
  </system-out>
</testsuite> <!-- commonFunctions.DriverScript -->
